2024-08-04 01:56:50 INFO  c.tinkoff_lab.TinkoffLabApplication - Application has started working
2024-08-04 01:56:51 INFO  c.tinkoff_lab.TinkoffLabApplication - Starting TinkoffLabApplication using Java 20.0.2 with PID 6432 (C:\Users\Nikita\IdeaProjects\tinkoff_lab\target\classes started by Nikita in C:\Users\Nikita\IdeaProjects\tinkoff_lab)
2024-08-04 01:56:51 INFO  c.tinkoff_lab.TinkoffLabApplication - No active profile set, falling back to 1 default profile: "default"
2024-08-04 01:56:53 INFO  c.tinkoff_lab.TinkoffLabApplication - Started TinkoffLabApplication in 2.573 seconds (process running for 3.275)
2024-08-04 01:56:53 INFO  c.tinkoff_lab.TinkoffLabApplication - Application has terminated working
2024-08-04 02:13:22 INFO  c.tinkoff_lab.TinkoffLabApplication - Application has started working
2024-08-04 02:13:22 INFO  c.tinkoff_lab.TinkoffLabApplication - Starting TinkoffLabApplication using Java 20.0.2 with PID 20100 (C:\Users\Nikita\IdeaProjects\tinkoff_lab\target\classes started by Nikita in C:\Users\Nikita\IdeaProjects\tinkoff_lab)
2024-08-04 02:13:22 INFO  c.tinkoff_lab.TinkoffLabApplication - No active profile set, falling back to 1 default profile: "default"
2024-08-04 02:13:25 INFO  c.tinkoff_lab.TinkoffLabApplication - Started TinkoffLabApplication in 2.825 seconds (process running for 4.546)
2024-08-04 02:13:25 INFO  c.tinkoff_lab.TinkoffLabApplication - Application has terminated working
2024-08-04 02:13:26 INFO  c.t.c.TranslationController - Request from user has received: com.tinkoff_lab.requests.UserRequest@2d288ac7
2024-08-04 02:13:32 INFO  c.t.services.TranslationService - Sending translation request: word = я 
2024-08-04 02:13:33 INFO  c.t.services.TranslationService - Request has received: word = я 
2024-08-04 02:13:43 ERROR c.t.services.TranslationService - Something goes wrong with translation
2024-08-04 02:13:59 INFO  com.tinkoff_lab.dao.TranslationDAO - Start writing to database of query: com.tinkoff_lab.dto.Translation@b10b651
2024-08-04 02:14:03 INFO  com.tinkoff_lab.dao.TranslationDAO - Connection with database established
2024-08-04 02:14:08 INFO  com.tinkoff_lab.dao.TranslationDAO - Query has been successfully recorded
2024-08-04 02:16:45 INFO  c.t.c.TranslationController - Request from user has received: com.tinkoff_lab.requests.UserRequest@58d13163
2024-08-04 02:16:45 INFO  c.t.services.TranslationService - Sending translation request: word = я 
2024-08-04 02:16:46 INFO  c.t.services.TranslationService - Request has received: word = я 
2024-08-04 02:16:46 ERROR c.t.services.TranslationService - Something goes wrong with translation
2024-08-04 02:16:46 INFO  com.tinkoff_lab.dao.TranslationDAO - Start writing to database of query: com.tinkoff_lab.dto.Translation@44322a78
2024-08-04 02:16:46 INFO  com.tinkoff_lab.dao.TranslationDAO - Connection with database established
2024-08-04 02:16:46 INFO  com.tinkoff_lab.dao.TranslationDAO - Query has been successfully recorded

2024-08-04 02:34:20 INFO  c.tinkoff_lab.TinkoffLabApplication - Application has started working
2024-08-04 02:34:21 INFO  c.tinkoff_lab.TinkoffLabApplication - Starting TinkoffLabApplication using Java 20.0.2 with PID 21368 (C:\Users\Nikita\IdeaProjects\tinkoff_lab\target\classes started by Nikita in C:\Users\Nikita\IdeaProjects\tinkoff_lab)
2024-08-04 02:34:21 INFO  c.tinkoff_lab.TinkoffLabApplication - No active profile set, falling back to 1 default profile: "default"
2024-08-04 02:34:23 INFO  c.tinkoff_lab.TinkoffLabApplication - Started TinkoffLabApplication in 2.429 seconds (process running for 3.188)
2024-08-04 02:34:23 INFO  c.tinkoff_lab.TinkoffLabApplication - Application has terminated working
2024-08-04 02:34:24 INFO  c.t.c.TranslationController - Request from user has received: com.tinkoff_lab.requests.UserRequest@4afe2551
2024-08-04 02:34:24 INFO  c.t.services.TranslationService - Sending translation request: word = я 
2024-08-04 02:34:25 INFO  c.t.services.TranslationService - Request has received: word = я 
2024-08-04 02:34:25 ERROR c.t.services.TranslationService - Something goes wrong with translation for word <я>, status is 403
2024-08-04 02:34:25 INFO  com.tinkoff_lab.dao.TranslationDAO - Start writing to database of query: com.tinkoff_lab.dto.Translation@4d2be67b
2024-08-04 02:34:25 INFO  com.tinkoff_lab.dao.TranslationDAO - Connection with database established
2024-08-04 02:34:25 INFO  com.tinkoff_lab.dao.TranslationDAO - Query has been successfully recorded
2024-08-04 03:57:55 INFO  c.tinkoff_lab.TinkoffLabApplication - Application has started working
2024-08-04 03:57:56 INFO  c.tinkoff_lab.TinkoffLabApplication - Starting TinkoffLabApplication using Java 20.0.2 with PID 25344 (C:\Users\Nikita\IdeaProjects\tinkoff_lab\target\classes started by Nikita in C:\Users\Nikita\IdeaProjects\tinkoff_lab)
2024-08-04 03:57:56 INFO  c.tinkoff_lab.TinkoffLabApplication - No active profile set, falling back to 1 default profile: "default"
2024-08-04 03:57:59 INFO  c.tinkoff_lab.TinkoffLabApplication - Started TinkoffLabApplication in 3.27 seconds (process running for 4.104)
2024-08-04 03:57:59 INFO  c.tinkoff_lab.TinkoffLabApplication - Application has terminated working
2024-08-04 03:58:02 INFO  c.t.c.TranslationController - Request from user has received: com.tinkoff_lab.requests.UserRequest@fe25759
2024-08-04 03:58:02 INFO  c.t.services.TranslationService - Sending translation request: word = я 
2024-08-04 03:58:10 INFO  c.t.services.TranslationService - Request has received: word = я 
2024-08-04 03:58:10 ERROR c.t.services.TranslationService - Something goes wrong with translation for word <я>, status is 403
2024-08-04 03:58:10 INFO  com.tinkoff_lab.dao.TranslationDAO - Start writing to database of query: com.tinkoff_lab.dto.Translation@1d29b3d1
2024-08-04 03:58:11 INFO  com.tinkoff_lab.dao.TranslationDAO - Connection with database established
2024-08-04 03:58:11 INFO  com.tinkoff_lab.dao.TranslationDAO - Query has been successfully recorded
2024-08-04 03:58:40 INFO  c.t.c.TranslationController - Request from user has received: com.tinkoff_lab.requests.UserRequest@37d30faf
2024-08-04 03:58:40 INFO  c.t.services.TranslationService - Sending translation request: word = я 
2024-08-04 03:58:41 INFO  c.t.services.TranslationService - Request has received: word = я 
2024-08-04 03:58:41 INFO  c.t.services.TranslationService - Sending translation request: word = люблю 
2024-08-04 03:58:41 INFO  c.t.services.TranslationService - Request has received: word = люблю 
2024-08-04 03:58:41 INFO  c.t.services.TranslationService - Sending translation request: word = тебя 
2024-08-04 03:58:42 INFO  c.t.services.TranslationService - Request has received: word = тебя 
2024-08-04 03:58:42 INFO  c.t.services.TranslationService - Translation successfully completed
2024-08-04 03:58:42 INFO  com.tinkoff_lab.dao.TranslationDAO - Start writing to database of query: com.tinkoff_lab.dto.Translation@78f41cd1
2024-08-04 03:58:42 INFO  com.tinkoff_lab.dao.TranslationDAO - Connection with database established
2024-08-04 03:58:42 INFO  com.tinkoff_lab.dao.TranslationDAO - Query has been successfully recorded
2024-08-04 03:58:42 INFO  c.t.c.TranslationController - Response is sending to user
2024-08-04 04:31:19 INFO  c.tinkoff_lab.TinkoffLabApplication - Application has started working
2024-08-04 04:31:20 INFO  c.tinkoff_lab.TinkoffLabApplication - Starting TinkoffLabApplication using Java 20.0.2 with PID 1676 (C:\Users\Nikita\IdeaProjects\tinkoff_lab\target\classes started by Nikita in C:\Users\Nikita\IdeaProjects\tinkoff_lab)
2024-08-04 04:31:20 INFO  c.tinkoff_lab.TinkoffLabApplication - No active profile set, falling back to 1 default profile: "default"
2024-08-04 04:31:23 INFO  c.tinkoff_lab.TinkoffLabApplication - Started TinkoffLabApplication in 3.071 seconds (process running for 3.938)
2024-08-04 04:31:23 INFO  c.tinkoff_lab.TinkoffLabApplication - Application has terminated working
2024-08-04 04:32:02 INFO  c.t.c.TranslationController - Request from user has received: UserRequest(text=я люблю тебя, originalLanguage=ru, finalLanguage=be)
2024-08-04 04:32:02 INFO  c.t.services.TranslationServiceImpl - Sending translation request: word = я 
2024-08-04 04:32:03 INFO  c.t.services.TranslationServiceImpl - Request has received: word = я 
2024-08-04 04:32:03 INFO  c.t.services.TranslationServiceImpl - Sending translation request: word = люблю 
2024-08-04 04:32:04 INFO  c.t.services.TranslationServiceImpl - Request has received: word = люблю 
2024-08-04 04:32:04 INFO  c.t.services.TranslationServiceImpl - Sending translation request: word = тебя 
2024-08-04 04:32:04 INFO  c.t.services.TranslationServiceImpl - Request has received: word = тебя 
2024-08-04 04:32:04 INFO  c.t.services.TranslationServiceImpl - Translation successfully completed
2024-08-04 04:32:04 INFO  com.tinkoff_lab.dao.TranslationDAO - Start writing to database of query: Translation(ip=37.215.154.113, originalText=я люблю тебя, originalLang=ru, translatedText=я любоў вы, targetLang=be, time=2024/08/04 04:32:04, status=200)
2024-08-04 04:32:05 INFO  com.tinkoff_lab.dao.TranslationDAO - Connection with database established
2024-08-04 04:32:05 INFO  com.tinkoff_lab.dao.TranslationDAO - Query has been successfully recorded
2024-08-04 04:32:05 INFO  c.t.c.TranslationController - Response is sending to user
2024-08-04 20:21:20 INFO  c.tinkoff_lab.TinkoffLabApplication - Application has started working
2024-08-04 20:21:20 INFO  c.tinkoff_lab.TinkoffLabApplication - Starting TinkoffLabApplication using Java 20.0.2 with PID 3624 (C:\Users\Nikita\IdeaProjects\tinkoff_lab\target\classes started by Nikita in C:\Users\Nikita\IdeaProjects\tinkoff_lab)
2024-08-04 20:21:20 INFO  c.tinkoff_lab.TinkoffLabApplication - No active profile set, falling back to 1 default profile: "default"
2024-08-04 20:23:17 INFO  c.tinkoff_lab.TinkoffLabApplication - Application has started working
2024-08-04 20:23:17 INFO  c.tinkoff_lab.TinkoffLabApplication - Starting TinkoffLabApplication using Java 20.0.2 with PID 17152 (C:\Users\Nikita\IdeaProjects\tinkoff_lab\target\classes started by Nikita in C:\Users\Nikita\IdeaProjects\tinkoff_lab)
2024-08-04 20:23:17 INFO  c.tinkoff_lab.TinkoffLabApplication - No active profile set, falling back to 1 default profile: "default"
2024-08-04 20:23:20 INFO  c.tinkoff_lab.TinkoffLabApplication - Started TinkoffLabApplication in 2.524 seconds (process running for 3.225)
2024-08-04 20:23:20 INFO  c.tinkoff_lab.TinkoffLabApplication - Application has terminated working
